{"C:\\Users\\alexa\\Desktop\\jest\\algo\\fizzBuzz.js": {"path":"C:\\Users\\alexa\\Desktop\\jest\\algo\\fizzBuzz.js","statementMap":{"0":{"start":{"line":2,"column":13},"end":{"line":2,"column":15}},"1":{"start":{"line":3,"column":3},"end":{"line":5,"column":4}},"2":{"start":{"line":4,"column":6},"end":{"line":4,"column":19}},"3":{"start":{"line":6,"column":3},"end":{"line":16,"column":4}},"4":{"start":{"line":6,"column":16},"end":{"line":6,"column":17}},"5":{"start":{"line":7,"column":6},"end":{"line":15,"column":7}},"6":{"start":{"line":8,"column":9},"end":{"line":8,"column":30}},"7":{"start":{"line":9,"column":13},"end":{"line":15,"column":7}},"8":{"start":{"line":10,"column":9},"end":{"line":10,"column":26}},"9":{"start":{"line":11,"column":13},"end":{"line":15,"column":7}},"10":{"start":{"line":12,"column":9},"end":{"line":12,"column":26}},"11":{"start":{"line":14,"column":9},"end":{"line":14,"column":29}},"12":{"start":{"line":18,"column":3},"end":{"line":18,"column":14}},"13":{"start":{"line":20,"column":0},"end":{"line":20,"column":13}},"14":{"start":{"line":22,"column":0},"end":{"line":22,"column":26}}},"fnMap":{"0":{"name":"fizzbuzz","decl":{"start":{"line":1,"column":9},"end":{"line":1,"column":17}},"loc":{"start":{"line":1,"column":21},"end":{"line":19,"column":1}},"line":1}},"branchMap":{"0":{"loc":{"start":{"line":3,"column":3},"end":{"line":5,"column":4}},"type":"if","locations":[{"start":{"line":3,"column":3},"end":{"line":5,"column":4}},{"start":{},"end":{}}],"line":3},"1":{"loc":{"start":{"line":7,"column":6},"end":{"line":15,"column":7}},"type":"if","locations":[{"start":{"line":7,"column":6},"end":{"line":15,"column":7}},{"start":{"line":9,"column":13},"end":{"line":15,"column":7}}],"line":7},"2":{"loc":{"start":{"line":7,"column":10},"end":{"line":7,"column":36}},"type":"binary-expr","locations":[{"start":{"line":7,"column":10},"end":{"line":7,"column":21}},{"start":{"line":7,"column":25},"end":{"line":7,"column":36}}],"line":7},"3":{"loc":{"start":{"line":9,"column":13},"end":{"line":15,"column":7}},"type":"if","locations":[{"start":{"line":9,"column":13},"end":{"line":15,"column":7}},{"start":{"line":11,"column":13},"end":{"line":15,"column":7}}],"line":9},"4":{"loc":{"start":{"line":11,"column":13},"end":{"line":15,"column":7}},"type":"if","locations":[{"start":{"line":11,"column":13},"end":{"line":15,"column":7}},{"start":{"line":13,"column":13},"end":{"line":15,"column":7}}],"line":11}},"s":{"0":8,"1":8,"2":4,"3":4,"4":4,"5":38,"6":2,"7":36,"8":10,"9":26,"10":5,"11":21,"12":4,"13":1,"14":1},"f":{"0":8},"b":{"0":[4,4],"1":[2,36],"2":[38,12],"3":[10,26],"4":[5,21]},"_coverageSchema":"1a1c01bbd47fc00a2c39e90264f33305004495a9","hash":"f9e6353885f13dcc9c54129deabec1211c9b7f7e"}
,"C:\\Users\\alexa\\Desktop\\jest\\algo\\palindrome.js": {"path":"C:\\Users\\alexa\\Desktop\\jest\\algo\\palindrome.js","statementMap":{"0":{"start":{"line":2,"column":3},"end":{"line":2,"column":32}},"1":{"start":{"line":2,"column":19},"end":{"line":2,"column":32}},"2":{"start":{"line":13,"column":16},"end":{"line":13,"column":17}},"3":{"start":{"line":14,"column":16},"end":{"line":14,"column":30}},"4":{"start":{"line":15,"column":3},"end":{"line":21,"column":4}},"5":{"start":{"line":16,"column":6},"end":{"line":18,"column":7}},"6":{"start":{"line":17,"column":9},"end":{"line":17,"column":22}},"7":{"start":{"line":19,"column":6},"end":{"line":19,"column":15}},"8":{"start":{"line":20,"column":6},"end":{"line":20,"column":15}},"9":{"start":{"line":22,"column":3},"end":{"line":22,"column":15}},"10":{"start":{"line":24,"column":0},"end":{"line":24,"column":28}}},"fnMap":{"0":{"name":"palindrome","decl":{"start":{"line":1,"column":9},"end":{"line":1,"column":19}},"loc":{"start":{"line":1,"column":25},"end":{"line":23,"column":1}},"line":1}},"branchMap":{"0":{"loc":{"start":{"line":2,"column":3},"end":{"line":2,"column":32}},"type":"if","locations":[{"start":{"line":2,"column":3},"end":{"line":2,"column":32}},{"start":{},"end":{}}],"line":2},"1":{"loc":{"start":{"line":16,"column":6},"end":{"line":18,"column":7}},"type":"if","locations":[{"start":{"line":16,"column":6},"end":{"line":18,"column":7}},{"start":{},"end":{}}],"line":16}},"s":{"0":3,"1":1,"2":2,"3":2,"4":2,"5":3,"6":1,"7":2,"8":2,"9":1,"10":1},"f":{"0":3},"b":{"0":[1,2],"1":[1,2]},"_coverageSchema":"1a1c01bbd47fc00a2c39e90264f33305004495a9","hash":"e83194a527ddca2bd2859f782a8370fcf6dd2563"}
,"C:\\Users\\alexa\\Desktop\\jest\\algo\\singleNumber.js": {"path":"C:\\Users\\alexa\\Desktop\\jest\\algo\\singleNumber.js","statementMap":{"0":{"start":{"line":2,"column":3},"end":{"line":4,"column":4}},"1":{"start":{"line":3,"column":6},"end":{"line":3,"column":20}},"2":{"start":{"line":7,"column":0},"end":{"line":7,"column":30}}},"fnMap":{"0":{"name":"singleNumber","decl":{"start":{"line":1,"column":9},"end":{"line":1,"column":21}},"loc":{"start":{"line":1,"column":27},"end":{"line":5,"column":1}},"line":1}},"branchMap":{"0":{"loc":{"start":{"line":2,"column":3},"end":{"line":4,"column":4}},"type":"if","locations":[{"start":{"line":2,"column":3},"end":{"line":4,"column":4}},{"start":{},"end":{}}],"line":2}},"s":{"0":6,"1":5,"2":1},"f":{"0":6},"b":{"0":[5,1]},"_coverageSchema":"1a1c01bbd47fc00a2c39e90264f33305004495a9","hash":"53b372341aafdaf7c8758e5dcc055c34a0522479"}
}
