TN:
SF:algo\fizzBuzz.js
FN:1,fizzbuzz
FNF:1
FNH:1
FNDA:8,fizzbuzz
DA:2,8
DA:3,8
DA:4,4
DA:6,4
DA:7,38
DA:8,2
DA:9,36
DA:10,10
DA:11,26
DA:12,5
DA:14,21
DA:18,4
DA:20,1
DA:22,1
LF:14
LH:14
BRDA:3,0,0,4
BRDA:3,0,1,4
BRDA:7,1,0,2
BRDA:7,1,1,36
BRDA:7,2,0,38
BRDA:7,2,1,12
BRDA:9,3,0,10
BRDA:9,3,1,26
BRDA:11,4,0,5
BRDA:11,4,1,21
BRF:10
BRH:10
end_of_record
TN:
SF:algo\palindrome.js
FN:1,palindrome
FNF:1
FNH:1
FNDA:3,palindrome
DA:2,3
DA:13,2
DA:14,2
DA:15,2
DA:16,3
DA:17,1
DA:19,2
DA:20,2
DA:22,1
DA:24,1
LF:10
LH:10
BRDA:2,0,0,1
BRDA:2,0,1,2
BRDA:16,1,0,1
BRDA:16,1,1,2
BRF:4
BRH:4
end_of_record
TN:
SF:algo\singleNumber.js
FN:1,singleNumber
FNF:1
FNH:1
FNDA:6,singleNumber
DA:2,6
DA:3,5
DA:7,1
LF:3
LH:3
BRDA:2,0,0,5
BRDA:2,0,1,1
BRF:2
BRH:2
end_of_record
